2025-07-03 - 07:46:55 - INFO: Running Stock Analysis Script:
    Version: 0.5.4
    Date: 03.07.2025
2025-07-03 - 07:46:55 - INFO: 
    Copyright (c)  - All rights reserved.
    Unintended redistribution can be punishable by law.
    By reading this message, you are automatically consenting to it 
    and you are accepting that the financial data might be incorrect.
    The financial data generated by this script is for informational purposes only 
    and should not be considered as investment advice.
    Use at your own risk.
    
2025-07-03 - 07:46:55 - DEBUG: ('CREATE TABLE IF NOT EXISTS "_cookieschema" ("strategy" VARCHAR(255) NOT NULL PRIMARY KEY, "fetch_date" DATETIME NOT NULL, "cookie_bytes" BLOB NOT NULL) WITHOUT ROWID', [])
2025-07-03 - 07:46:55 - DEBUG: ('SELECT "t1"."strategy", "t1"."fetch_date", "t1"."cookie_bytes" FROM "_cookieschema" AS "t1" WHERE ("t1"."strategy" = ?) LIMIT ? OFFSET ?', ['curlCffi', 1, 0])
2025-07-03 - 07:46:55 - DEBUG: ('CREATE TABLE IF NOT EXISTS "_tz_kv" ("key" VARCHAR(255) NOT NULL PRIMARY KEY, "value" VARCHAR(255)) WITHOUT ROWID', [])
2025-07-03 - 07:46:55 - DEBUG: ('SELECT "t1"."key", "t1"."value" FROM "_tz_kv" AS "t1" WHERE ("t1"."key" = ?) LIMIT ? OFFSET ?', ['RELX', 1, 0])
2025-07-03 - 07:46:56 - INFO: ---------------------- RELX ----------------------
2025-07-03 - 07:46:56 - INFO: P/E (Forward) (Ticker: RELX): 31.71
2025-07-03 - 07:46:56 - INFO: P/E (Trailing) (Ticker: RELX): 37.07
2025-07-03 - 07:46:56 - DEBUG: ('SELECT "t1"."key", "t1"."value" FROM "_tz_kv" AS "t1" WHERE ("t1"."key" = ?) LIMIT ? OFFSET ?', ['RELX', 1, 0])
2025-07-03 - 07:46:56 - DEBUG: ('SELECT "t1"."key", "t1"."value" FROM "_tz_kv" AS "t1" WHERE ("t1"."key" = ?) LIMIT ? OFFSET ?', ['RELX', 1, 0])
2025-07-03 - 07:46:56 - INFO: EBIT/TEV (Ticker: RELX): 3.11 %
2025-07-03 - 07:46:56 - INFO: P/B (Ticker: RELX): 28.06
2025-07-03 - 07:46:56 - DEBUG: Fetching Earnings data (EPS) for 4 years period (Ticker: RELX).
2025-07-03 - 07:46:56 - INFO: Fetched Earnings data (EPS) for 4 years period (Ticker: RELX).
2025-07-03 - 07:46:56 - INFO: EPS (latest) (Ticker: RELX): 0.94
2025-07-03 - 07:46:57 - DEBUG: Fetching Earnings data (NET_INCOME) for 4 years period (Ticker: RELX).
2025-07-03 - 07:46:57 - INFO: Fetched Earnings data (Net Income) for 4 years period (Ticker: RELX).
2025-07-03 - 07:46:57 - INFO: Calculating Earnings Variability (EVAR) over 3 year period (Ticker: RELX).
2025-07-03 - 07:46:57 - INFO: EVAR 4Y (EPS) (Ticker: RELX): 5.29%
2025-07-03 - 07:46:57 - INFO: Calculating Earnings Variability (EVAR) over 3 year period (Ticker: RELX).
2025-07-03 - 07:46:57 - INFO: EVAR 4Y (Net Income) (Ticker: RELX): 1.34%
2025-07-03 - 07:46:57 - DEBUG: Calculating Compound Annual Growth Rate (CAGR) (Ticker: RELX).
2025-07-03 - 07:46:57 - INFO: CAGR 4Y (EPS) (Ticker: RELX): 14.01 %
2025-07-03 - 07:46:57 - DEBUG: Calculating Compound Annual Growth Rate (CAGR) (Ticker: RELX).
2025-07-03 - 07:46:57 - INFO: CAGR 4Y (Net Income) (Ticker: RELX): 9.55 %
2025-07-03 - 07:46:57 - INFO: Dividend Yield (Ticker: RELX): 1.47 %
2025-07-03 - 07:46:57 - INFO: ROE - yFinance (Ticker: RELX): 56.0 %
2025-07-03 - 07:46:57 - DEBUG: Fetching Earnings data (NET_INCOME) for 4 years period (Ticker: RELX).
2025-07-03 - 07:46:57 - ERROR: ValueError calculating ROE (ttm) (Ticker: RELX): Cannot calculate ROE (Ticker: RELX): An error occurred: Cannot calculate Net Income TTM! Net Income data is missing in the Quarterly Income Statement (Ticker: RELX).
2025-07-03 - 07:46:57 - ERROR: Cannot calculate Trailing EPS! EPS data is missing (Ticker: RELX).
2025-07-03 - 07:46:57 - ERROR: Cannot calculate ROE! EPS (TTM) data is not available (Ticker: {ticker}).
2025-07-03 - 07:46:57 - INFO: ROE - MSCI (Ticker: RELX): N/A
2025-07-03 - 07:46:57 - INFO: ROA - yFinance (Ticker: RELX): 11.72 %
2025-07-03 - 07:46:57 - DEBUG: Fetching Earnings data (NET_INCOME) for 4 years period (Ticker: RELX).
2025-07-03 - 07:46:57 - INFO: ROA - Calc (Ticker: RELX): 12.78 %
2025-07-03 - 07:46:57 - INFO: CFOA (Ticker: RELX): 17.23 %
2025-07-03 - 07:46:57 - INFO: GPOA (Ticker: RELX): 40.53 %
2025-07-03 - 07:46:57 - INFO: GPMAR (Ticker: RELX): 65.02 %
2025-07-03 - 07:46:57 - ERROR: Error calculating GPOA and GPMAR TTM (Ticker: RELX): Cannot calculate GPOA (Ticker: RELX): 'Gross Profit' data is missing in the Income Statement.
2025-07-03 - 07:46:57 - INFO: Profit Margin (Ticker: RELX): 20.5 %
2025-07-03 - 07:46:57 - INFO: Sector: Industrials
2025-07-03 - 07:46:57 - INFO: Industry: Specialty Business Services
2025-07-03 - 07:46:57 - DEBUG: Calculating Compound Annual Growth Rate (CAGR) (Ticker: RELX).
2025-07-03 - 07:46:57 - DEBUG: Calculating Compound Annual Growth Rate (CAGR) (Ticker: RELX).
2025-07-03 - 07:46:57 - DEBUG: Calculating Compound Annual Growth Rate (CAGR) (Ticker: RELX).
2025-07-03 - 07:46:57 - DEBUG: Calculating Compound Annual Growth Rate (CAGR) (Ticker: RELX).
2025-07-03 - 07:46:57 - DEBUG: Calculating Compound Annual Growth Rate (CAGR) (Ticker: RELX).
2025-07-03 - 07:46:57 - DEBUG: Calculating Compound Annual Growth Rate (CAGR) (Ticker: RELX).
2025-07-03 - 07:46:57 - INFO: Program total runtime: 0:00:02.030944
